<?xml version="1.0" encoding="UTF-8"?>
<!-- Generated by org.testng.reporters.JUnitXMLReporter -->
<testsuite ignored="0" hostname="DESKTOP-9CSP8UA" failures="2" tests="5" name="ChromeTest" time="33.339" errors="0" timestamp="2024-10-14T22:48:09 IST">
  <testcase classname="Test_1.Test1" name="@AfterMethod logout" time="0.002">
    <failure type="java.lang.NullPointerException" message="Cannot invoke &amp;quot;Module.AddToCart.myacc()&amp;quot; because &amp;quot;this.addtocart&amp;quot; is null">
      <![CDATA[java.lang.NullPointerException: Cannot invoke "Module.AddToCart.myacc()" because "this.addtocart" is null
at Test_1.Test1.logout(Test1.java:110)
at java.base/java.util.ArrayList.forEach(ArrayList.java:1597)
... Removed 30 stack frames]]>
    </failure>
  </testcase> <!-- @AfterMethod logout -->
  <testcase classname="Test_1.Test1" name="@BeforeMethod url" time="-1.728926289123E9">
    <skipped/>
  </testcase> <!-- @BeforeMethod url -->
  <testcase classname="Test_1.Test1" name="@AfterMethod logout" time="-1.728926289129E9">
    <skipped/>
  </testcase> <!-- @AfterMethod logout -->
  <testcase classname="Test_1.Test1" name="@BeforeMethod url" time="-1.728926289132E9">
    <skipped/>
  </testcase> <!-- @BeforeMethod url -->
  <testcase classname="Test_1.Test1" name="@AfterMethod logout" time="-1.72892628914E9">
    <skipped/>
  </testcase> <!-- @AfterMethod logout -->
  <testcase classname="Test_1.Test1" name="@AfterClass close" time="-1.728926289143E9">
    <skipped/>
  </testcase> <!-- @AfterClass close -->
  <testcase classname="Test_1.Test2" name="addtocart" time="1.882">
    <failure type="java.lang.AssertionError" message="expected [Shopping Cart] but found [Shopping Car]">
      <![CDATA[java.lang.AssertionError: expected [Shopping Cart] but found [Shopping Car]
at Test_1.Test2.addtocart(Test2.java:78)
at java.base/java.util.ArrayList.forEach(ArrayList.java:1597)
... Removed 31 stack frames]]>
    </failure>
  </testcase> <!-- addtocart -->
  <testcase classname="Test_1.Test2" name="wishlist" time="1.91"/>
  <testcase classname="Test_1.Test1" name="RegistrationPageTest" time="9.012">
    <failure type="org.openqa.selenium.NoSuchWindowException" message="no such window: target window already closed
from unknown error: web view not found
  (Session info: chrome=129.0.6668.100)
Build info: version: &amp;apos;4.24.0&amp;apos;, revision: &amp;apos;748ffc9bc3&amp;apos;
System info: os.name: &amp;apos;Windows 10&amp;apos;, os.arch: &amp;apos;amd64&amp;apos;, os.version: &amp;apos;10.0&amp;apos;, java.version: &amp;apos;22.0.1&amp;apos;
Driver info: org.openqa.selenium.chrome.ChromeDriver
Command: [641a10779852cbe9e6c106b4f18fc01a, findElement {value=//a[text()=&amp;apos;Continue&amp;apos;], using=xpath}]
Capabilities {acceptInsecureCerts: false, browserName: chrome, browserVersion: 129.0.6668.100, chrome: {chromedriverVersion: 129.0.6668.100 (cf58cba358d..., userDataDir: C:\Users\LENOVO\AppData\Loc...}, fedcm:accounts: true, goog:chromeOptions: {debuggerAddress: localhost:57676}, networkConnectionEnabled: false, pageLoadStrategy: normal, platformName: windows, proxy: Proxy(), se:cdp: ws://localhost:57676/devtoo..., se:cdpVersion: 129.0.6668.100, setWindowRect: true, strictFileInteractability: false, timeouts: {implicit: 0, pageLoad: 300000, script: 30000}, unhandledPromptBehavior: dismiss and notify, webauthn:extension:credBlob: true, webauthn:extension:largeBlob: true, webauthn:extension:minPinLength: true, webauthn:extension:prf: true, webauthn:virtualAuthenticators: true}
Session ID: 641a10779852cbe9e6c106b4f18fc01a">
      <![CDATA[org.openqa.selenium.NoSuchWindowException: no such window: target window already closed
from unknown error: web view not found
  (Session info: chrome=129.0.6668.100)
Build info: version: '4.24.0', revision: '748ffc9bc3'
System info: os.name: 'Windows 10', os.arch: 'amd64', os.version: '10.0', java.version: '22.0.1'
Driver info: org.openqa.selenium.chrome.ChromeDriver
Command: [641a10779852cbe9e6c106b4f18fc01a, findElement {value=//a[text()='Continue'], using=xpath}]
Capabilities {acceptInsecureCerts: false, browserName: chrome, browserVersion: 129.0.6668.100, chrome: {chromedriverVersion: 129.0.6668.100 (cf58cba358d..., userDataDir: C:\Users\LENOVO\AppData\Loc...}, fedcm:accounts: true, goog:chromeOptions: {debuggerAddress: localhost:57676}, networkConnectionEnabled: false, pageLoadStrategy: normal, platformName: windows, proxy: Proxy(), se:cdp: ws://localhost:57676/devtoo..., se:cdpVersion: 129.0.6668.100, setWindowRect: true, strictFileInteractability: false, timeouts: {implicit: 0, pageLoad: 300000, script: 30000}, unhandledPromptBehavior: dismiss and notify, webauthn:extension:credBlob: true, webauthn:extension:largeBlob: true, webauthn:extension:minPinLength: true, webauthn:extension:prf: true, webauthn:virtualAuthenticators: true}
Session ID: 641a10779852cbe9e6c106b4f18fc01a
at org.openqa.selenium.remote.ErrorCodec.decode(ErrorCodec.java:167)
at org.openqa.selenium.remote.codec.w3c.W3CHttpResponseCodec.decode(W3CHttpResponseCodec.java:138)
at org.openqa.selenium.remote.codec.w3c.W3CHttpResponseCodec.decode(W3CHttpResponseCodec.java:50)
at org.openqa.selenium.remote.HttpCommandExecutor.execute(HttpCommandExecutor.java:190)
at org.openqa.selenium.remote.service.DriverCommandExecutor.invokeExecute(DriverCommandExecutor.java:216)
at org.openqa.selenium.remote.service.DriverCommandExecutor.execute(DriverCommandExecutor.java:174)
at org.openqa.selenium.remote.RemoteWebDriver.execute(RemoteWebDriver.java:545)
at org.openqa.selenium.remote.ElementLocation$ElementFinder$2.findElement(ElementLocation.java:165)
at org.openqa.selenium.remote.ElementLocation.findElement(ElementLocation.java:59)
at org.openqa.selenium.remote.RemoteWebDriver.findElement(RemoteWebDriver.java:368)
at org.openqa.selenium.remote.RemoteWebDriver.findElement(RemoteWebDriver.java:362)
at org.openqa.selenium.support.pagefactory.DefaultElementLocator.findElement(DefaultElementLocator.java:68)
at org.openqa.selenium.support.pagefactory.internal.LocatingElementHandler.invoke(LocatingElementHandler.java:38)
at jdk.proxy2/jdk.proxy2.$Proxy16.click(Unknown Source)
at Module.RegistrPage.contineu(RegistrPage.java:80)
at Test_1.Test1.RegistrationPageTest(Test1.java:73)
at java.base/java.util.ArrayList.forEach(ArrayList.java:1597)
... Removed 28 stack frames]]>
    </failure>
  </testcase> <!-- RegistrationPageTest -->
  <testcase classname="Test_1.Test1" name="addressbook" time="0.0">
    <skipped/>
  </testcase> <!-- addressbook -->
  <testcase classname="Test_1.Test1" name="login" time="0.0">
    <skipped/>
  </testcase> <!-- login -->
</testsuite> <!-- ChromeTest -->
